[debug] [2024-11-15T23:08:20.518Z] ----------------------------------------------------------------------
[debug] [2024-11-15T23:08:20.524Z] Command:       /usr/local/bin/node /usr/local/bin/firebase init hosting
[debug] [2024-11-15T23:08:20.524Z] CLI Version:   13.4.0
[debug] [2024-11-15T23:08:20.524Z] Platform:      darwin
[debug] [2024-11-15T23:08:20.525Z] Node Version:  v20.11.1
[debug] [2024-11-15T23:08:20.525Z] Time:          Fri Nov 15 2024 15:08:20 GMT-0800 (Pacific Standard Time)
[debug] [2024-11-15T23:08:20.525Z] ----------------------------------------------------------------------
[debug] 
[debug] [2024-11-15T23:08:20.582Z] > command requires scopes: ["email","openid","https://www.googleapis.com/auth/cloudplatformprojects.readonly","https://www.googleapis.com/auth/firebase","https://www.googleapis.com/auth/cloud-platform"]
[debug] [2024-11-15T23:08:20.582Z] > authorizing via signed-in user (dakotaneaman@gmail.com)
[info] 
     ######## #### ########  ######## ########     ###     ######  ########
     ##        ##  ##     ## ##       ##     ##  ##   ##  ##       ##
     ######    ##  ########  ######   ########  #########  ######  ######
     ##        ##  ##    ##  ##       ##     ## ##     ##       ## ##
     ##       #### ##     ## ######## ########  ##     ##  ######  ########

You're about to initialize a Firebase project in this directory:

  /Users/dakotaneaman/Desktop/SpragueDoGood

Before we get started, keep in mind:

  * You are initializing within an existing Firebase project directory

[info] 
=== Project Setup
[info] 
[info] First, let's associate this project directory with a Firebase project.
[info] You can create multiple project aliases by running firebase use --add, 
[info] but for now we'll just set up a default project.
[info] 
[debug] [2024-11-15T23:08:20.586Z] Using project from CLI flag: spraguedogood
[debug] [2024-11-15T23:08:20.587Z] >>> [apiv2][query] GET https://firebase.googleapis.com/v1beta1/projects/spraguedogood [none]
[debug] [2024-11-15T23:08:20.801Z] <<< [apiv2][status] GET https://firebase.googleapis.com/v1beta1/projects/spraguedogood 200
[debug] [2024-11-15T23:08:20.801Z] <<< [apiv2][body] GET https://firebase.googleapis.com/v1beta1/projects/spraguedogood {"projectId":"spraguedogood","projectNumber":"822051942736","displayName":"SpragueDoGood","name":"projects/spraguedogood","resources":{"hostingSite":"spraguedogood"},"state":"ACTIVE","etag":"1_e5fed8b8-4afe-4d3d-b2ee-394bbebae6f8"}
[info] i  Using project spraguedogood (SpragueDoGood) 
[info] 
=== Hosting Setup
[debug] [2024-11-15T23:08:20.811Z] >>> [apiv2][query] GET https://firebase.googleapis.com/v1beta1/projects/spraguedogood [none]
[debug] [2024-11-15T23:08:20.949Z] <<< [apiv2][status] GET https://firebase.googleapis.com/v1beta1/projects/spraguedogood 200
[debug] [2024-11-15T23:08:20.950Z] <<< [apiv2][body] GET https://firebase.googleapis.com/v1beta1/projects/spraguedogood {"projectId":"spraguedogood","projectNumber":"822051942736","displayName":"SpragueDoGood","name":"projects/spraguedogood","resources":{"hostingSite":"spraguedogood"},"state":"ACTIVE","etag":"1_e5fed8b8-4afe-4d3d-b2ee-394bbebae6f8"}
[info] 
[info] Your public directory is the folder (relative to your project directory) that
[info] will contain Hosting assets to be uploaded with firebase deploy. If you
[info] have a build process for your assets, use your build's output directory.
[info] 
